2018-04-27 16:19:02,981 ERROR: Exception on /printLabel [POST] [in /home/pi/inventory-container/flask-inventory/venv/local/lib/python2.7/site-packages/flask/app.py:1753]
Traceback (most recent call last):
  File "/home/pi/inventory-container/flask-inventory/venv/local/lib/python2.7/site-packages/flask/app.py", line 2284, in wsgi_app
    response = self.full_dispatch_request()
  File "/home/pi/inventory-container/flask-inventory/venv/local/lib/python2.7/site-packages/flask/app.py", line 1807, in full_dispatch_request
    rv = self.handle_user_exception(e)
  File "/home/pi/inventory-container/flask-inventory/venv/local/lib/python2.7/site-packages/flask/app.py", line 1710, in handle_user_exception
    reraise(exc_type, exc_value, tb)
  File "/home/pi/inventory-container/flask-inventory/venv/local/lib/python2.7/site-packages/flask/app.py", line 1805, in full_dispatch_request
    rv = self.dispatch_request()
  File "/home/pi/inventory-container/flask-inventory/venv/local/lib/python2.7/site-packages/flask/app.py", line 1791, in dispatch_request
    return self.view_functions[rule.endpoint](**req.view_args)
  File "/home/pi/inventory-container/flask-inventory/app/routes.py", line 83, in printLabel
    pl.sendPrintData(item)
  File "/home/pi/inventory-container/flask-inventory/app/printlabel.py", line 20, in sendPrintData
    labeldata = createESCpLabel(item)
  File "/home/pi/inventory-container/flask-inventory/app/printlabel.py", line 72, in createESCpLabel
    s = string.decode('windows-1252', errors='replace')
  File "/home/pi/inventory-container/flask-inventory/venv/lib/python2.7/encodings/cp1252.py", line 15, in decode
    return codecs.charmap_decode(input,errors,decoding_table)
UnicodeEncodeError: 'ascii' codec can't encode character u'\xbd' in position 63: ordinal not in range(128)
2018-04-27 16:22:30,520 INFO: AMMK Inventory System startup [in /home/pi/inventory-container/flask-inventory/app/__init__.py:44]
2018-04-27 16:22:47,722 INFO: AMMK Inventory System startup [in /home/pi/inventory-container/flask-inventory/app/__init__.py:44]
2018-04-27 16:23:02,319 ERROR: Exception on /printLabel [POST] [in /home/pi/inventory-container/flask-inventory/venv/local/lib/python2.7/site-packages/flask/app.py:1753]
Traceback (most recent call last):
  File "/home/pi/inventory-container/flask-inventory/venv/local/lib/python2.7/site-packages/flask/app.py", line 2284, in wsgi_app
    response = self.full_dispatch_request()
  File "/home/pi/inventory-container/flask-inventory/venv/local/lib/python2.7/site-packages/flask/app.py", line 1807, in full_dispatch_request
    rv = self.handle_user_exception(e)
  File "/home/pi/inventory-container/flask-inventory/venv/local/lib/python2.7/site-packages/flask/app.py", line 1710, in handle_user_exception
    reraise(exc_type, exc_value, tb)
  File "/home/pi/inventory-container/flask-inventory/venv/local/lib/python2.7/site-packages/flask/app.py", line 1805, in full_dispatch_request
    rv = self.dispatch_request()
  File "/home/pi/inventory-container/flask-inventory/venv/local/lib/python2.7/site-packages/flask/app.py", line 1791, in dispatch_request
    return self.view_functions[rule.endpoint](**req.view_args)
  File "/home/pi/inventory-container/flask-inventory/app/routes.py", line 83, in printLabel
    pl.sendPrintData(item)
  File "/home/pi/inventory-container/flask-inventory/app/printlabel.py", line 20, in sendPrintData
    labeldata = createESCpLabel(item)
  File "/home/pi/inventory-container/flask-inventory/app/printlabel.py", line 72, in createESCpLabel
    decoded_str = string.decode('windows-1252')
  File "/home/pi/inventory-container/flask-inventory/venv/lib/python2.7/encodings/cp1252.py", line 15, in decode
    return codecs.charmap_decode(input,errors,decoding_table)
UnicodeEncodeError: 'ascii' codec can't encode character u'\xbd' in position 63: ordinal not in range(128)
2018-04-27 16:23:52,849 INFO: AMMK Inventory System startup [in /home/pi/inventory-container/flask-inventory/app/__init__.py:44]
2018-04-27 16:38:12,995 INFO: AMMK Inventory System startup [in /home/pi/inventory-container/flask-inventory/app/__init__.py:44]
